<?xml version="1.0" encoding="UTF-8"?>
<coverage generated="1692996457763" clover="3.2.0">
  <project timestamp="1692996457763" name="All files">
    <metrics statements="99" coveredstatements="98" conditionals="28" coveredconditionals="27" methods="44" coveredmethods="44" elements="171" coveredelements="169" complexity="0" loc="99" ncloc="99" packages="4" files="12" classes="12"/>
    <package name="src">
      <metrics statements="2" coveredstatements="1" conditionals="0" coveredconditionals="0" methods="1" coveredmethods="1"/>
      <file name="App.jsx" path="/home/raeder/projetos/coopercarga-challenge/store/src/App.jsx">
        <metrics statements="1" coveredstatements="1" conditionals="0" coveredconditionals="0" methods="1" coveredmethods="1"/>
        <line num="9" count="11" type="stmt"/>
      </file>
      <file name="main.jsx" path="/home/raeder/projetos/coopercarga-challenge/store/src/main.jsx">
        <metrics statements="1" coveredstatements="0" conditionals="0" coveredconditionals="0" methods="0" coveredmethods="0"/>
        <line num="6" count="0" type="stmt"/>
      </file>
    </package>
    <package name="src.components">
      <metrics statements="54" coveredstatements="54" conditionals="22" coveredconditionals="22" methods="27" coveredmethods="27"/>
      <file name="Card.jsx" path="/home/raeder/projetos/coopercarga-challenge/store/src/components/Card.jsx">
        <metrics statements="6" coveredstatements="6" conditionals="0" coveredconditionals="0" methods="3" coveredmethods="3"/>
        <line num="7" count="1" type="stmt"/>
        <line num="8" count="99" type="stmt"/>
        <line num="10" count="99" type="stmt"/>
        <line num="11" count="7" type="stmt"/>
        <line num="14" count="99" type="stmt"/>
        <line num="30" count="1" type="stmt"/>
      </file>
      <file name="CardList.jsx" path="/home/raeder/projetos/coopercarga-challenge/store/src/components/CardList.jsx">
        <metrics statements="32" coveredstatements="32" conditionals="20" coveredconditionals="20" methods="13" coveredmethods="13"/>
        <line num="7" count="43" type="stmt"/>
        <line num="8" count="43" type="stmt"/>
        <line num="9" count="43" type="stmt"/>
        <line num="10" count="43" type="stmt"/>
        <line num="11" count="43" type="stmt"/>
        <line num="12" count="43" type="stmt"/>
        <line num="13" count="43" type="stmt"/>
        <line num="14" count="43" type="stmt"/>
        <line num="16" count="43" type="stmt"/>
        <line num="17" count="11" type="stmt"/>
        <line num="20" count="43" type="stmt"/>
        <line num="21" count="43" type="stmt"/>
        <line num="22" count="160" type="stmt"/>
        <line num="23" count="416" type="cond" truecount="4" falsecount="0"/>
        <line num="24" count="55" type="stmt"/>
        <line num="26" count="361" type="cond" truecount="4" falsecount="0"/>
        <line num="27" count="22" type="stmt"/>
        <line num="30" count="160" type="cond" truecount="2" falsecount="0"/>
        <line num="31" count="160" type="cond" truecount="2" falsecount="0"/>
        <line num="35" count="43" type="cond" truecount="2" falsecount="0"/>
        <line num="36" count="65" type="stmt"/>
        <line num="39" count="43" type="cond" truecount="2" falsecount="0"/>
        <line num="40" count="21" type="stmt"/>
        <line num="43" count="43" type="cond" truecount="2" falsecount="0"/>
        <line num="44" count="25" type="stmt"/>
        <line num="47" count="43" type="stmt"/>
        <line num="49" count="43" type="stmt"/>
        <line num="55" count="5" type="stmt"/>
        <line num="62" count="4" type="stmt"/>
        <line num="69" count="6" type="stmt"/>
        <line num="76" count="6" type="stmt"/>
        <line num="84" count="92" type="stmt"/>
      </file>
      <file name="CartButton.jsx" path="/home/raeder/projetos/coopercarga-challenge/store/src/components/CartButton.jsx">
        <metrics statements="2" coveredstatements="2" conditionals="2" coveredconditionals="2" methods="1" coveredmethods="1"/>
        <line num="8" count="37" type="stmt"/>
        <line num="10" count="37" type="stmt"/>
      </file>
      <file name="CartModal.jsx" path="/home/raeder/projetos/coopercarga-challenge/store/src/components/CartModal.jsx">
        <metrics statements="5" coveredstatements="5" conditionals="0" coveredconditionals="0" methods="4" coveredmethods="4"/>
        <line num="12" count="37" type="stmt"/>
        <line num="14" count="37" type="stmt"/>
        <line num="22" count="16" type="stmt"/>
        <line num="29" count="1" type="stmt"/>
        <line num="44" count="16" type="stmt"/>
      </file>
      <file name="FilterForm.jsx" path="/home/raeder/projetos/coopercarga-challenge/store/src/components/FilterForm.jsx">
        <metrics statements="3" coveredstatements="3" conditionals="0" coveredconditionals="0" methods="2" coveredmethods="2"/>
        <line num="5" count="172" type="stmt"/>
        <line num="13" count="448" type="stmt"/>
        <line num="23" count="1" type="stmt"/>
      </file>
      <file name="Navbar.jsx" path="/home/raeder/projetos/coopercarga-challenge/store/src/components/Navbar.jsx">
        <metrics statements="1" coveredstatements="1" conditionals="0" coveredconditionals="0" methods="1" coveredmethods="1"/>
        <line num="5" count="11" type="stmt"/>
      </file>
      <file name="ProductDetail.jsx" path="/home/raeder/projetos/coopercarga-challenge/store/src/components/ProductDetail.jsx">
        <metrics statements="5" coveredstatements="5" conditionals="0" coveredconditionals="0" methods="3" coveredmethods="3"/>
        <line num="9" count="174" type="stmt"/>
        <line num="11" count="174" type="stmt"/>
        <line num="23" count="475" type="stmt"/>
        <line num="26" count="3" type="stmt"/>
        <line num="32" count="1" type="stmt"/>
      </file>
    </package>
    <package name="src.context">
      <metrics statements="24" coveredstatements="24" conditionals="0" coveredconditionals="0" methods="9" coveredmethods="9"/>
      <file name="Provider.jsx" path="/home/raeder/projetos/coopercarga-challenge/store/src/context/Provider.jsx">
        <metrics statements="23" coveredstatements="23" conditionals="0" coveredconditionals="0" methods="9" coveredmethods="9"/>
        <line num="8" count="55" type="stmt"/>
        <line num="9" count="55" type="stmt"/>
        <line num="10" count="55" type="stmt"/>
        <line num="12" count="55" type="stmt"/>
        <line num="14" count="55" type="stmt"/>
        <line num="15" count="11" type="stmt"/>
        <line num="18" count="55" type="stmt"/>
        <line num="19" count="33" type="stmt"/>
        <line num="22" count="55" type="stmt"/>
        <line num="23" count="7" type="stmt"/>
        <line num="24" count="7" type="stmt"/>
        <line num="25" count="7" type="stmt"/>
        <line num="28" count="55" type="stmt"/>
        <line num="29" count="1" type="stmt"/>
        <line num="30" count="1" type="stmt"/>
        <line num="31" count="1" type="stmt"/>
        <line num="34" count="55" type="stmt"/>
        <line num="35" count="3" type="stmt"/>
        <line num="36" count="3" type="stmt"/>
        <line num="37" count="3" type="stmt"/>
        <line num="40" count="55" type="stmt"/>
        <line num="50" count="55" type="stmt"/>
        <line num="55" count="1" type="stmt"/>
      </file>
      <file name="context.js" path="/home/raeder/projetos/coopercarga-challenge/store/src/context/context.js">
        <metrics statements="1" coveredstatements="1" conditionals="0" coveredconditionals="0" methods="0" coveredmethods="0"/>
        <line num="3" count="1" type="stmt"/>
      </file>
    </package>
    <package name="src.utils">
      <metrics statements="19" coveredstatements="19" conditionals="6" coveredconditionals="5" methods="7" coveredmethods="7"/>
      <file name="localStorage.js" path="/home/raeder/projetos/coopercarga-challenge/store/src/utils/localStorage.js">
        <metrics statements="19" coveredstatements="19" conditionals="6" coveredconditionals="5" methods="7" coveredmethods="7"/>
        <line num="1" count="1" type="stmt"/>
        <line num="3" count="1" type="stmt"/>
        <line num="4" count="26" type="cond" truecount="2" falsecount="0"/>
        <line num="5" count="1" type="stmt"/>
        <line num="7" count="26" type="stmt"/>
        <line num="10" count="4" type="stmt"/>
        <line num="14" count="1" type="stmt"/>
        <line num="15" count="3" type="stmt"/>
        <line num="16" count="3" type="stmt"/>
        <line num="17" count="3" type="cond" truecount="2" falsecount="0"/>
        <line num="18" count="1" type="stmt"/>
        <line num="19" count="1" type="cond" truecount="1" falsecount="1"/>
        <line num="20" count="1" type="stmt"/>
        <line num="22" count="1" type="stmt"/>
        <line num="24" count="1" type="stmt"/>
        <line num="26" count="2" type="stmt"/>
        <line num="30" count="1" type="stmt"/>
        <line num="31" count="1" type="stmt"/>
        <line num="32" count="2" type="stmt"/>
      </file>
    </package>
  </project>
</coverage>
