{"/home/raeder/projetos/coopercarga-challenge/store/src/App.jsx": {"path":"/home/raeder/projetos/coopercarga-challenge/store/src/App.jsx","statementMap":{"0":{"start":{"line":9,"column":2},"end":{"line":16,"column":4}}},"fnMap":{"0":{"name":"App","decl":{"start":{"line":8,"column":9},"end":{"line":8,"column":12}},"loc":{"start":{"line":8,"column":15},"end":{"line":17,"column":1}},"line":8}},"branchMap":{},"s":{"0":11},"f":{"0":11},"b":{},"_coverageSchema":"1a1c01bbd47fc00a2c39e90264f33305004495a9","hash":"4396070b11ea14569052c4395da780bd5b15b5b4"}
,"/home/raeder/projetos/coopercarga-challenge/store/src/main.jsx": {"path":"/home/raeder/projetos/coopercarga-challenge/store/src/main.jsx","statementMap":{"0":{"start":{"line":6,"column":0},"end":{"line":10,"column":2}}},"fnMap":{},"branchMap":{},"s":{"0":0},"f":{},"b":{}}
,"/home/raeder/projetos/coopercarga-challenge/store/src/components/Card.jsx": {"path":"/home/raeder/projetos/coopercarga-challenge/store/src/components/Card.jsx","statementMap":{"0":{"start":{"line":7,"column":18},"end":{"line":26,"column":1}},"1":{"start":{"line":8,"column":36},"end":{"line":8,"column":51}},"2":{"start":{"line":10,"column":21},"end":{"line":12,"column":3}},"3":{"start":{"line":11,"column":4},"end":{"line":11,"column":34}},"4":{"start":{"line":11,"column":27},"end":{"line":11,"column":32}},"5":{"start":{"line":14,"column":2},"end":{"line":25,"column":4}},"6":{"start":{"line":30,"column":0},"end":{"line":32,"column":2}}},"fnMap":{"0":{"name":"(anonymous_0)","decl":{"start":{"line":7,"column":18},"end":{"line":7,"column":19}},"loc":{"start":{"line":7,"column":32},"end":{"line":26,"column":1}},"line":7},"1":{"name":"(anonymous_1)","decl":{"start":{"line":10,"column":21},"end":{"line":10,"column":22}},"loc":{"start":{"line":10,"column":27},"end":{"line":12,"column":3}},"line":10},"2":{"name":"(anonymous_2)","decl":{"start":{"line":11,"column":17},"end":{"line":11,"column":18}},"loc":{"start":{"line":11,"column":27},"end":{"line":11,"column":32}},"line":11}},"branchMap":{},"s":{"0":1,"1":99,"2":99,"3":7,"4":7,"5":99,"6":1},"f":{"0":99,"1":7,"2":7},"b":{},"_coverageSchema":"1a1c01bbd47fc00a2c39e90264f33305004495a9","hash":"99888c746a1d507e1492f7dcb55cd0195146671b"}
,"/home/raeder/projetos/coopercarga-challenge/store/src/components/CardList.jsx": {"path":"/home/raeder/projetos/coopercarga-challenge/store/src/components/CardList.jsx","statementMap":{"0":{"start":{"line":7,"column":26},"end":{"line":7,"column":38}},"1":{"start":{"line":8,"column":38},"end":{"line":8,"column":50}},"2":{"start":{"line":9,"column":38},"end":{"line":9,"column":50}},"3":{"start":{"line":10,"column":40},"end":{"line":10,"column":52}},"4":{"start":{"line":11,"column":24},"end":{"line":11,"column":36}},"5":{"start":{"line":12,"column":28},"end":{"line":12,"column":40}},"6":{"start":{"line":13,"column":24},"end":{"line":13,"column":36}},"7":{"start":{"line":14,"column":25},"end":{"line":14,"column":37}},"8":{"start":{"line":16,"column":2},"end":{"line":18,"column":9}},"9":{"start":{"line":17,"column":4},"end":{"line":17,"column":22}},"10":{"start":{"line":20,"column":26},"end":{"line":33,"column":3}},"11":{"start":{"line":21,"column":4},"end":{"line":32,"column":7}},"12":{"start":{"line":22,"column":6},"end":{"line":29,"column":9}},"13":{"start":{"line":23,"column":8},"end":{"line":28,"column":9}},"14":{"start":{"line":24,"column":10},"end":{"line":24,"column":34}},"15":{"start":{"line":26,"column":13},"end":{"line":28,"column":9}},"16":{"start":{"line":27,"column":10},"end":{"line":27,"column":38}},"17":{"start":{"line":30,"column":6},"end":{"line":30,"column":72}},"18":{"start":{"line":30,"column":44},"end":{"line":30,"column":72}},"19":{"start":{"line":31,"column":6},"end":{"line":31,"column":76}},"20":{"start":{"line":31,"column":46},"end":{"line":31,"column":76}},"21":{"start":{"line":35,"column":24},"end":{"line":37,"column":10}},"22":{"start":{"line":36,"column":28},"end":{"line":36,"column":69}},"23":{"start":{"line":39,"column":23},"end":{"line":41,"column":19}},"24":{"start":{"line":40,"column":37},"end":{"line":40,"column":61}},"25":{"start":{"line":43,"column":24},"end":{"line":45,"column":18}},"26":{"start":{"line":44,"column":36},"end":{"line":44,"column":62}},"27":{"start":{"line":47,"column":2},"end":{"line":47,"column":20}},"28":{"start":{"line":49,"column":2},"end":{"line":90,"column":4}},"29":{"start":{"line":55,"column":54},"end":{"line":55,"column":74}},"30":{"start":{"line":62,"column":53},"end":{"line":62,"column":73}},"31":{"start":{"line":69,"column":53},"end":{"line":69,"column":73}},"32":{"start":{"line":76,"column":53},"end":{"line":76,"column":74}},"33":{"start":{"line":84,"column":12},"end":{"line":84,"column":44}}},"fnMap":{"0":{"name":"CardList","decl":{"start":{"line":6,"column":24},"end":{"line":6,"column":32}},"loc":{"start":{"line":6,"column":35},"end":{"line":91,"column":1}},"line":6},"1":{"name":"(anonymous_1)","decl":{"start":{"line":16,"column":12},"end":{"line":16,"column":13}},"loc":{"start":{"line":16,"column":18},"end":{"line":18,"column":3}},"line":16},"2":{"name":"(anonymous_2)","decl":{"start":{"line":20,"column":26},"end":{"line":20,"column":27}},"loc":{"start":{"line":20,"column":32},"end":{"line":33,"column":3}},"line":20},"3":{"name":"(anonymous_3)","decl":{"start":{"line":21,"column":24},"end":{"line":21,"column":25}},"loc":{"start":{"line":21,"column":34},"end":{"line":32,"column":5}},"line":21},"4":{"name":"(anonymous_4)","decl":{"start":{"line":22,"column":35},"end":{"line":22,"column":36}},"loc":{"start":{"line":22,"column":46},"end":{"line":29,"column":7}},"line":22},"5":{"name":"(anonymous_5)","decl":{"start":{"line":36,"column":18},"end":{"line":36,"column":19}},"loc":{"start":{"line":36,"column":28},"end":{"line":36,"column":69}},"line":36},"6":{"name":"(anonymous_6)","decl":{"start":{"line":40,"column":27},"end":{"line":40,"column":28}},"loc":{"start":{"line":40,"column":37},"end":{"line":40,"column":61}},"line":40},"7":{"name":"(anonymous_7)","decl":{"start":{"line":44,"column":26},"end":{"line":44,"column":27}},"loc":{"start":{"line":44,"column":36},"end":{"line":44,"column":62}},"line":44},"8":{"name":"(anonymous_8)","decl":{"start":{"line":55,"column":27},"end":{"line":55,"column":28}},"loc":{"start":{"line":55,"column":54},"end":{"line":55,"column":74}},"line":55},"9":{"name":"(anonymous_9)","decl":{"start":{"line":62,"column":26},"end":{"line":62,"column":27}},"loc":{"start":{"line":62,"column":53},"end":{"line":62,"column":73}},"line":62},"10":{"name":"(anonymous_10)","decl":{"start":{"line":69,"column":26},"end":{"line":69,"column":27}},"loc":{"start":{"line":69,"column":53},"end":{"line":69,"column":73}},"line":69},"11":{"name":"(anonymous_11)","decl":{"start":{"line":76,"column":26},"end":{"line":76,"column":27}},"loc":{"start":{"line":76,"column":53},"end":{"line":76,"column":74}},"line":76},"12":{"name":"(anonymous_12)","decl":{"start":{"line":83,"column":28},"end":{"line":83,"column":29}},"loc":{"start":{"line":84,"column":12},"end":{"line":84,"column":44}},"line":84}},"branchMap":{"0":{"loc":{"start":{"line":23,"column":8},"end":{"line":28,"column":9}},"type":"if","locations":[{"start":{"line":23,"column":8},"end":{"line":28,"column":9}},{"start":{"line":26,"column":13},"end":{"line":28,"column":9}}],"line":23},"1":{"loc":{"start":{"line":23,"column":12},"end":{"line":23,"column":56}},"type":"binary-expr","locations":[{"start":{"line":23,"column":12},"end":{"line":23,"column":40}},{"start":{"line":23,"column":44},"end":{"line":23,"column":56}}],"line":23},"2":{"loc":{"start":{"line":26,"column":13},"end":{"line":28,"column":9}},"type":"if","locations":[{"start":{"line":26,"column":13},"end":{"line":28,"column":9}},{"start":{},"end":{}}],"line":26},"3":{"loc":{"start":{"line":26,"column":16},"end":{"line":26,"column":65}},"type":"binary-expr","locations":[{"start":{"line":26,"column":16},"end":{"line":26,"column":48}},{"start":{"line":26,"column":52},"end":{"line":26,"column":65}}],"line":26},"4":{"loc":{"start":{"line":30,"column":6},"end":{"line":30,"column":72}},"type":"if","locations":[{"start":{"line":30,"column":6},"end":{"line":30,"column":72}},{"start":{},"end":{}}],"line":30},"5":{"loc":{"start":{"line":31,"column":6},"end":{"line":31,"column":76}},"type":"if","locations":[{"start":{"line":31,"column":6},"end":{"line":31,"column":76}},{"start":{},"end":{}}],"line":31},"6":{"loc":{"start":{"line":35,"column":24},"end":{"line":37,"column":10}},"type":"cond-expr","locations":[{"start":{"line":36,"column":6},"end":{"line":36,"column":70}},{"start":{"line":37,"column":6},"end":{"line":37,"column":10}}],"line":35},"7":{"loc":{"start":{"line":39,"column":23},"end":{"line":41,"column":19}},"type":"cond-expr","locations":[{"start":{"line":40,"column":6},"end":{"line":40,"column":62}},{"start":{"line":41,"column":6},"end":{"line":41,"column":19}}],"line":39},"8":{"loc":{"start":{"line":43,"column":24},"end":{"line":45,"column":18}},"type":"cond-expr","locations":[{"start":{"line":44,"column":6},"end":{"line":44,"column":63}},{"start":{"line":45,"column":6},"end":{"line":45,"column":18}}],"line":43},"9":{"loc":{"start":{"line":87,"column":9},"end":{"line":87,"column":58}},"type":"binary-expr","locations":[{"start":{"line":87,"column":9},"end":{"line":87,"column":30}},{"start":{"line":87,"column":34},"end":{"line":87,"column":58}}],"line":87}},"s":{"0":43,"1":43,"2":43,"3":43,"4":43,"5":43,"6":43,"7":43,"8":43,"9":11,"10":43,"11":43,"12":160,"13":416,"14":55,"15":361,"16":22,"17":160,"18":44,"19":160,"20":33,"21":43,"22":65,"23":43,"24":21,"25":43,"26":25,"27":43,"28":43,"29":5,"30":4,"31":6,"32":6,"33":92},"f":{"0":43,"1":11,"2":43,"3":160,"4":416,"5":65,"6":21,"7":25,"8":5,"9":4,"10":6,"11":6,"12":92},"b":{"0":[55,361],"1":[416,119],"2":[22,339],"3":[361,319],"4":[44,116],"5":[33,127],"6":[13,30],"7":[7,36],"8":[7,36],"9":[43,13]},"_coverageSchema":"1a1c01bbd47fc00a2c39e90264f33305004495a9","hash":"53d6316b3debdc02d59c5a3ada0d0fb863016647"}
,"/home/raeder/projetos/coopercarga-challenge/store/src/components/CartButton.jsx": {"path":"/home/raeder/projetos/coopercarga-challenge/store/src/components/CartButton.jsx","statementMap":{"0":{"start":{"line":8,"column":6},"end":{"line":8,"column":25}},"1":{"start":{"line":10,"column":2},"end":{"line":17,"column":4}}},"fnMap":{"0":{"name":"CartButton","decl":{"start":{"line":4,"column":24},"end":{"line":4,"column":34}},"loc":{"start":{"line":4,"column":37},"end":{"line":18,"column":1}},"line":4}},"branchMap":{"0":{"loc":{"start":{"line":13,"column":8},"end":{"line":13,"column":72}},"type":"binary-expr","locations":[{"start":{"line":13,"column":8},"end":{"line":13,"column":20}},{"start":{"line":13,"column":24},"end":{"line":13,"column":72}}],"line":13}},"s":{"0":37,"1":37},"f":{"0":37},"b":{"0":[37,11]},"_coverageSchema":"1a1c01bbd47fc00a2c39e90264f33305004495a9","hash":"19cfd90a6ff5b6a4b4cdd4d6cea718fd057b8f98"}
,"/home/raeder/projetos/coopercarga-challenge/store/src/components/CartModal.jsx": {"path":"/home/raeder/projetos/coopercarga-challenge/store/src/components/CartModal.jsx","statementMap":{"0":{"start":{"line":12,"column":6},"end":{"line":12,"column":25}},"1":{"start":{"line":14,"column":2},"end":{"line":51,"column":4}},"2":{"start":{"line":22,"column":12},"end":{"line":39,"column":18}},"3":{"start":{"line":29,"column":34},"end":{"line":29,"column":53}},"4":{"start":{"line":44,"column":39},"end":{"line":44,"column":73}}},"fnMap":{"0":{"name":"CartModal","decl":{"start":{"line":6,"column":24},"end":{"line":6,"column":33}},"loc":{"start":{"line":6,"column":36},"end":{"line":52,"column":1}},"line":6},"1":{"name":"(anonymous_1)","decl":{"start":{"line":21,"column":19},"end":{"line":21,"column":20}},"loc":{"start":{"line":22,"column":12},"end":{"line":39,"column":18}},"line":22},"2":{"name":"(anonymous_2)","decl":{"start":{"line":29,"column":28},"end":{"line":29,"column":29}},"loc":{"start":{"line":29,"column":34},"end":{"line":29,"column":53}},"line":29},"3":{"name":"(anonymous_3)","decl":{"start":{"line":44,"column":24},"end":{"line":44,"column":25}},"loc":{"start":{"line":44,"column":39},"end":{"line":44,"column":73}},"line":44}},"branchMap":{},"s":{"0":37,"1":37,"2":16,"3":1,"4":16},"f":{"0":37,"1":16,"2":1,"3":16},"b":{},"_coverageSchema":"1a1c01bbd47fc00a2c39e90264f33305004495a9","hash":"d55d8e67695551faa5466f1f87677226b02083db"}
,"/home/raeder/projetos/coopercarga-challenge/store/src/components/FilterForm.jsx": {"path":"/home/raeder/projetos/coopercarga-challenge/store/src/components/FilterForm.jsx","statementMap":{"0":{"start":{"line":5,"column":2},"end":{"line":19,"column":4}},"1":{"start":{"line":13,"column":14},"end":{"line":13,"column":60}},"2":{"start":{"line":23,"column":0},"end":{"line":29,"column":2}}},"fnMap":{"0":{"name":"FilterForm","decl":{"start":{"line":4,"column":24},"end":{"line":4,"column":34}},"loc":{"start":{"line":4,"column":82},"end":{"line":20,"column":1}},"line":4},"1":{"name":"(anonymous_1)","decl":{"start":{"line":12,"column":23},"end":{"line":12,"column":24}},"loc":{"start":{"line":13,"column":14},"end":{"line":13,"column":60}},"line":13}},"branchMap":{},"s":{"0":172,"1":448,"2":1},"f":{"0":172,"1":448},"b":{},"_coverageSchema":"1a1c01bbd47fc00a2c39e90264f33305004495a9","hash":"bbc9c85a6b94f0b0e01758ee383de380d8b24500"}
,"/home/raeder/projetos/coopercarga-challenge/store/src/components/Navbar.jsx": {"path":"/home/raeder/projetos/coopercarga-challenge/store/src/components/Navbar.jsx","statementMap":{"0":{"start":{"line":5,"column":2},"end":{"line":18,"column":4}}},"fnMap":{"0":{"name":"MyNavbar","decl":{"start":{"line":4,"column":24},"end":{"line":4,"column":32}},"loc":{"start":{"line":4,"column":35},"end":{"line":19,"column":1}},"line":4}},"branchMap":{},"s":{"0":11},"f":{"0":11},"b":{},"_coverageSchema":"1a1c01bbd47fc00a2c39e90264f33305004495a9","hash":"24fc8adc0629ae731e774575e229215bcb794939"}
,"/home/raeder/projetos/coopercarga-challenge/store/src/components/ProductDetail.jsx": {"path":"/home/raeder/projetos/coopercarga-challenge/store/src/components/ProductDetail.jsx","statementMap":{"0":{"start":{"line":9,"column":6},"end":{"line":9,"column":25}},"1":{"start":{"line":11,"column":2},"end":{"line":29,"column":4}},"2":{"start":{"line":23,"column":62},"end":{"line":23,"column":79}},"3":{"start":{"line":26,"column":31},"end":{"line":26,"column":50}},"4":{"start":{"line":32,"column":0},"end":{"line":36,"column":2}}},"fnMap":{"0":{"name":"ProductDetail","decl":{"start":{"line":6,"column":24},"end":{"line":6,"column":37}},"loc":{"start":{"line":6,"column":68},"end":{"line":30,"column":1}},"line":6},"1":{"name":"(anonymous_1)","decl":{"start":{"line":23,"column":47},"end":{"line":23,"column":48}},"loc":{"start":{"line":23,"column":62},"end":{"line":23,"column":79}},"line":23},"2":{"name":"(anonymous_2)","decl":{"start":{"line":26,"column":25},"end":{"line":26,"column":26}},"loc":{"start":{"line":26,"column":31},"end":{"line":26,"column":50}},"line":26}},"branchMap":{},"s":{"0":174,"1":174,"2":475,"3":3,"4":1},"f":{"0":174,"1":475,"2":3},"b":{},"_coverageSchema":"1a1c01bbd47fc00a2c39e90264f33305004495a9","hash":"513d8452d3d69cef27320127648c9b14f3ba37d7"}
,"/home/raeder/projetos/coopercarga-challenge/store/src/context/Provider.jsx": {"path":"/home/raeder/projetos/coopercarga-challenge/store/src/context/Provider.jsx","statementMap":{"0":{"start":{"line":8,"column":34},"end":{"line":8,"column":49}},"1":{"start":{"line":9,"column":26},"end":{"line":9,"column":38}},"2":{"start":{"line":10,"column":34},"end":{"line":10,"column":45}},"3":{"start":{"line":12,"column":22},"end":{"line":12,"column":91}},"4":{"start":{"line":12,"column":28},"end":{"line":12,"column":91}},"5":{"start":{"line":12,"column":67},"end":{"line":12,"column":86}},"6":{"start":{"line":14,"column":2},"end":{"line":16,"column":9}},"7":{"start":{"line":15,"column":4},"end":{"line":15,"column":29}},"8":{"start":{"line":18,"column":2},"end":{"line":20,"column":13}},"9":{"start":{"line":19,"column":4},"end":{"line":19,"column":18}},"10":{"start":{"line":22,"column":23},"end":{"line":26,"column":3}},"11":{"start":{"line":23,"column":4},"end":{"line":23,"column":29}},"12":{"start":{"line":24,"column":4},"end":{"line":24,"column":33}},"13":{"start":{"line":24,"column":26},"end":{"line":24,"column":31}},"14":{"start":{"line":25,"column":4},"end":{"line":25,"column":18}},"15":{"start":{"line":28,"column":24},"end":{"line":32,"column":3}},"16":{"start":{"line":29,"column":4},"end":{"line":29,"column":27}},"17":{"start":{"line":30,"column":4},"end":{"line":30,"column":29}},"18":{"start":{"line":31,"column":4},"end":{"line":31,"column":18}},"19":{"start":{"line":34,"column":24},"end":{"line":38,"column":3}},"20":{"start":{"line":35,"column":4},"end":{"line":35,"column":40}},"21":{"start":{"line":36,"column":4},"end":{"line":36,"column":29}},"22":{"start":{"line":37,"column":4},"end":{"line":37,"column":18}},"23":{"start":{"line":40,"column":18},"end":{"line":48,"column":3}},"24":{"start":{"line":50,"column":2},"end":{"line":52,"column":4}},"25":{"start":{"line":55,"column":0},"end":{"line":57,"column":2}}},"fnMap":{"0":{"name":"Provider","decl":{"start":{"line":7,"column":24},"end":{"line":7,"column":32}},"loc":{"start":{"line":7,"column":47},"end":{"line":53,"column":1}},"line":7},"1":{"name":"(anonymous_1)","decl":{"start":{"line":12,"column":22},"end":{"line":12,"column":23}},"loc":{"start":{"line":12,"column":28},"end":{"line":12,"column":91}},"line":12},"2":{"name":"(anonymous_2)","decl":{"start":{"line":12,"column":52},"end":{"line":12,"column":53}},"loc":{"start":{"line":12,"column":67},"end":{"line":12,"column":86}},"line":12},"3":{"name":"(anonymous_3)","decl":{"start":{"line":14,"column":12},"end":{"line":14,"column":13}},"loc":{"start":{"line":14,"column":18},"end":{"line":16,"column":3}},"line":14},"4":{"name":"(anonymous_4)","decl":{"start":{"line":18,"column":12},"end":{"line":18,"column":13}},"loc":{"start":{"line":18,"column":18},"end":{"line":20,"column":3}},"line":18},"5":{"name":"(anonymous_5)","decl":{"start":{"line":22,"column":23},"end":{"line":22,"column":24}},"loc":{"start":{"line":22,"column":29},"end":{"line":26,"column":3}},"line":22},"6":{"name":"(anonymous_6)","decl":{"start":{"line":24,"column":16},"end":{"line":24,"column":17}},"loc":{"start":{"line":24,"column":26},"end":{"line":24,"column":31}},"line":24},"7":{"name":"(anonymous_7)","decl":{"start":{"line":28,"column":24},"end":{"line":28,"column":25}},"loc":{"start":{"line":28,"column":34},"end":{"line":32,"column":3}},"line":28},"8":{"name":"(anonymous_8)","decl":{"start":{"line":34,"column":24},"end":{"line":34,"column":25}},"loc":{"start":{"line":34,"column":34},"end":{"line":38,"column":3}},"line":34}},"branchMap":{},"s":{"0":55,"1":55,"2":55,"3":55,"4":44,"5":21,"6":55,"7":11,"8":55,"9":33,"10":55,"11":7,"12":7,"13":7,"14":7,"15":55,"16":1,"17":1,"18":1,"19":55,"20":3,"21":3,"22":3,"23":55,"24":55,"25":1},"f":{"0":55,"1":44,"2":21,"3":11,"4":33,"5":7,"6":7,"7":1,"8":3},"b":{},"_coverageSchema":"1a1c01bbd47fc00a2c39e90264f33305004495a9","hash":"2a5021deda77c2b7665bc26dfd89acbf743d4fd2"}
,"/home/raeder/projetos/coopercarga-challenge/store/src/context/context.js": {"path":"/home/raeder/projetos/coopercarga-challenge/store/src/context/context.js","statementMap":{"0":{"start":{"line":3,"column":16},"end":{"line":3,"column":31}}},"fnMap":{},"branchMap":{},"s":{"0":1},"f":{},"b":{},"_coverageSchema":"1a1c01bbd47fc00a2c39e90264f33305004495a9","hash":"60434d9c5c66488c8bb6fdafdf86b10d7b3e28dc"}
,"/home/raeder/projetos/coopercarga-challenge/store/src/utils/localStorage.js": {"path":"/home/raeder/projetos/coopercarga-challenge/store/src/utils/localStorage.js","statementMap":{"0":{"start":{"line":1,"column":19},"end":{"line":1,"column":30}},"1":{"start":{"line":3,"column":29},"end":{"line":8,"column":1}},"2":{"start":{"line":4,"column":2},"end":{"line":6,"column":3}},"3":{"start":{"line":5,"column":4},"end":{"line":5,"column":57}},"4":{"start":{"line":7,"column":2},"end":{"line":7,"column":54}},"5":{"start":{"line":10,"column":25},"end":{"line":11,"column":49}},"6":{"start":{"line":10,"column":40},"end":{"line":11,"column":49}},"7":{"start":{"line":14,"column":25},"end":{"line":28,"column":1}},"8":{"start":{"line":15,"column":20},"end":{"line":15,"column":35}},"9":{"start":{"line":16,"column":23},"end":{"line":16,"column":75}},"10":{"start":{"line":16,"column":48},"end":{"line":16,"column":74}},"11":{"start":{"line":17,"column":2},"end":{"line":27,"column":3}},"12":{"start":{"line":18,"column":20},"end":{"line":23,"column":6}},"13":{"start":{"line":19,"column":6},"end":{"line":21,"column":7}},"14":{"start":{"line":20,"column":8},"end":{"line":20,"column":42}},"15":{"start":{"line":22,"column":6},"end":{"line":22,"column":18}},"16":{"start":{"line":24,"column":4},"end":{"line":24,"column":30}},"17":{"start":{"line":26,"column":4},"end":{"line":26,"column":46}},"18":{"start":{"line":30,"column":32},"end":{"line":33,"column":1}},"19":{"start":{"line":31,"column":20},"end":{"line":31,"column":35}},"20":{"start":{"line":32,"column":2},"end":{"line":32,"column":75}},"21":{"start":{"line":32,"column":46},"end":{"line":32,"column":72}}},"fnMap":{"0":{"name":"(anonymous_0)","decl":{"start":{"line":3,"column":29},"end":{"line":3,"column":30}},"loc":{"start":{"line":3,"column":35},"end":{"line":8,"column":1}},"line":3},"1":{"name":"(anonymous_1)","decl":{"start":{"line":10,"column":25},"end":{"line":10,"column":26}},"loc":{"start":{"line":10,"column":40},"end":{"line":11,"column":49}},"line":10},"2":{"name":"(anonymous_2)","decl":{"start":{"line":14,"column":25},"end":{"line":14,"column":26}},"loc":{"start":{"line":14,"column":38},"end":{"line":28,"column":1}},"line":14},"3":{"name":"(anonymous_3)","decl":{"start":{"line":16,"column":38},"end":{"line":16,"column":39}},"loc":{"start":{"line":16,"column":48},"end":{"line":16,"column":74}},"line":16},"4":{"name":"(anonymous_4)","decl":{"start":{"line":18,"column":34},"end":{"line":18,"column":35}},"loc":{"start":{"line":18,"column":44},"end":{"line":23,"column":5}},"line":18},"5":{"name":"(anonymous_5)","decl":{"start":{"line":30,"column":32},"end":{"line":30,"column":33}},"loc":{"start":{"line":30,"column":45},"end":{"line":33,"column":1}},"line":30},"6":{"name":"(anonymous_6)","decl":{"start":{"line":32,"column":36},"end":{"line":32,"column":37}},"loc":{"start":{"line":32,"column":46},"end":{"line":32,"column":72}},"line":32}},"branchMap":{"0":{"loc":{"start":{"line":4,"column":2},"end":{"line":6,"column":3}},"type":"if","locations":[{"start":{"line":4,"column":2},"end":{"line":6,"column":3}},{"start":{},"end":{}}],"line":4},"1":{"loc":{"start":{"line":17,"column":2},"end":{"line":27,"column":3}},"type":"if","locations":[{"start":{"line":17,"column":2},"end":{"line":27,"column":3}},{"start":{"line":25,"column":9},"end":{"line":27,"column":3}}],"line":17},"2":{"loc":{"start":{"line":19,"column":6},"end":{"line":21,"column":7}},"type":"if","locations":[{"start":{"line":19,"column":6},"end":{"line":21,"column":7}},{"start":{},"end":{}}],"line":19}},"s":{"0":1,"1":1,"2":26,"3":1,"4":26,"5":1,"6":4,"7":1,"8":3,"9":3,"10":2,"11":3,"12":1,"13":1,"14":1,"15":1,"16":1,"17":2,"18":1,"19":1,"20":1,"21":2},"f":{"0":26,"1":4,"2":3,"3":2,"4":1,"5":1,"6":2},"b":{"0":[1,25],"1":[1,2],"2":[1,0]},"_coverageSchema":"1a1c01bbd47fc00a2c39e90264f33305004495a9","hash":"0adb291a85e43e777118c9c1d4cac8c74efd5e52"}
}
