TN:
SF:src/App.jsx
FN:8,App
FNF:1
FNH:1
FNDA:11,App
DA:9,11
LF:1
LH:1
BRF:0
BRH:0
end_of_record
TN:
SF:src/main.jsx
FNF:0
FNH:0
DA:6,0
LF:1
LH:0
BRF:0
BRH:0
end_of_record
TN:
SF:src/components/Card.jsx
FN:7,(anonymous_0)
FN:10,(anonymous_1)
FN:11,(anonymous_2)
FNF:3
FNH:3
FNDA:99,(anonymous_0)
FNDA:7,(anonymous_1)
FNDA:7,(anonymous_2)
DA:7,1
DA:8,99
DA:10,99
DA:11,7
DA:14,99
DA:30,1
LF:6
LH:6
BRF:0
BRH:0
end_of_record
TN:
SF:src/components/CardList.jsx
FN:6,CardList
FN:16,(anonymous_1)
FN:20,(anonymous_2)
FN:21,(anonymous_3)
FN:22,(anonymous_4)
FN:36,(anonymous_5)
FN:40,(anonymous_6)
FN:44,(anonymous_7)
FN:55,(anonymous_8)
FN:62,(anonymous_9)
FN:69,(anonymous_10)
FN:76,(anonymous_11)
FN:83,(anonymous_12)
FNF:13
FNH:13
FNDA:43,CardList
FNDA:11,(anonymous_1)
FNDA:43,(anonymous_2)
FNDA:160,(anonymous_3)
FNDA:416,(anonymous_4)
FNDA:65,(anonymous_5)
FNDA:21,(anonymous_6)
FNDA:25,(anonymous_7)
FNDA:5,(anonymous_8)
FNDA:4,(anonymous_9)
FNDA:6,(anonymous_10)
FNDA:6,(anonymous_11)
FNDA:92,(anonymous_12)
DA:7,43
DA:8,43
DA:9,43
DA:10,43
DA:11,43
DA:12,43
DA:13,43
DA:14,43
DA:16,43
DA:17,11
DA:20,43
DA:21,43
DA:22,160
DA:23,416
DA:24,55
DA:26,361
DA:27,22
DA:30,160
DA:31,160
DA:35,43
DA:36,65
DA:39,43
DA:40,21
DA:43,43
DA:44,25
DA:47,43
DA:49,43
DA:55,5
DA:62,4
DA:69,6
DA:76,6
DA:84,92
LF:32
LH:32
BRDA:23,0,0,55
BRDA:23,0,1,361
BRDA:23,1,0,416
BRDA:23,1,1,119
BRDA:26,2,0,22
BRDA:26,2,1,339
BRDA:26,3,0,361
BRDA:26,3,1,319
BRDA:30,4,0,44
BRDA:30,4,1,116
BRDA:31,5,0,33
BRDA:31,5,1,127
BRDA:35,6,0,13
BRDA:35,6,1,30
BRDA:39,7,0,7
BRDA:39,7,1,36
BRDA:43,8,0,7
BRDA:43,8,1,36
BRDA:87,9,0,43
BRDA:87,9,1,13
BRF:20
BRH:20
end_of_record
TN:
SF:src/components/CartButton.jsx
FN:4,CartButton
FNF:1
FNH:1
FNDA:37,CartButton
DA:8,37
DA:10,37
LF:2
LH:2
BRDA:13,0,0,37
BRDA:13,0,1,11
BRF:2
BRH:2
end_of_record
TN:
SF:src/components/CartModal.jsx
FN:6,CartModal
FN:21,(anonymous_1)
FN:29,(anonymous_2)
FN:44,(anonymous_3)
FNF:4
FNH:4
FNDA:37,CartModal
FNDA:16,(anonymous_1)
FNDA:1,(anonymous_2)
FNDA:16,(anonymous_3)
DA:12,37
DA:14,37
DA:22,16
DA:29,1
DA:44,16
LF:5
LH:5
BRF:0
BRH:0
end_of_record
TN:
SF:src/components/FilterForm.jsx
FN:4,FilterForm
FN:12,(anonymous_1)
FNF:2
FNH:2
FNDA:172,FilterForm
FNDA:448,(anonymous_1)
DA:5,172
DA:13,448
DA:23,1
LF:3
LH:3
BRF:0
BRH:0
end_of_record
TN:
SF:src/components/Navbar.jsx
FN:4,MyNavbar
FNF:1
FNH:1
FNDA:11,MyNavbar
DA:5,11
LF:1
LH:1
BRF:0
BRH:0
end_of_record
TN:
SF:src/components/ProductDetail.jsx
FN:6,ProductDetail
FN:23,(anonymous_1)
FN:26,(anonymous_2)
FNF:3
FNH:3
FNDA:174,ProductDetail
FNDA:475,(anonymous_1)
FNDA:3,(anonymous_2)
DA:9,174
DA:11,174
DA:23,475
DA:26,3
DA:32,1
LF:5
LH:5
BRF:0
BRH:0
end_of_record
TN:
SF:src/context/Provider.jsx
FN:7,Provider
FN:12,(anonymous_1)
FN:12,(anonymous_2)
FN:14,(anonymous_3)
FN:18,(anonymous_4)
FN:22,(anonymous_5)
FN:24,(anonymous_6)
FN:28,(anonymous_7)
FN:34,(anonymous_8)
FNF:9
FNH:9
FNDA:55,Provider
FNDA:44,(anonymous_1)
FNDA:21,(anonymous_2)
FNDA:11,(anonymous_3)
FNDA:33,(anonymous_4)
FNDA:7,(anonymous_5)
FNDA:7,(anonymous_6)
FNDA:1,(anonymous_7)
FNDA:3,(anonymous_8)
DA:8,55
DA:9,55
DA:10,55
DA:12,55
DA:14,55
DA:15,11
DA:18,55
DA:19,33
DA:22,55
DA:23,7
DA:24,7
DA:25,7
DA:28,55
DA:29,1
DA:30,1
DA:31,1
DA:34,55
DA:35,3
DA:36,3
DA:37,3
DA:40,55
DA:50,55
DA:55,1
LF:23
LH:23
BRF:0
BRH:0
end_of_record
TN:
SF:src/context/context.js
FNF:0
FNH:0
DA:3,1
LF:1
LH:1
BRF:0
BRH:0
end_of_record
TN:
SF:src/utils/localStorage.js
FN:3,(anonymous_0)
FN:10,(anonymous_1)
FN:14,(anonymous_2)
FN:16,(anonymous_3)
FN:18,(anonymous_4)
FN:30,(anonymous_5)
FN:32,(anonymous_6)
FNF:7
FNH:7
FNDA:26,(anonymous_0)
FNDA:4,(anonymous_1)
FNDA:3,(anonymous_2)
FNDA:2,(anonymous_3)
FNDA:1,(anonymous_4)
FNDA:1,(anonymous_5)
FNDA:2,(anonymous_6)
DA:1,1
DA:3,1
DA:4,26
DA:5,1
DA:7,26
DA:10,4
DA:14,1
DA:15,3
DA:16,3
DA:17,3
DA:18,1
DA:19,1
DA:20,1
DA:22,1
DA:24,1
DA:26,2
DA:30,1
DA:31,1
DA:32,2
LF:19
LH:19
BRDA:4,0,0,1
BRDA:4,0,1,25
BRDA:17,1,0,1
BRDA:17,1,1,2
BRDA:19,2,0,1
BRDA:19,2,1,0
BRF:6
BRH:5
end_of_record
